{"level":"info","message":"process.env.NODE_ENV is development"}
{"level":"info","message":"Server is running on http://localhost:8000"}
{"level":"error","message":"Unhandled Rejection Errors: MongoServerError \n bad auth : Authentication failed. \n MongoServerError: bad auth : Authentication failed.\n    at Connection.onMessage (E:\\e-commerce\\CompuService\\backend\\node_modules\\mongodb\\lib\\cmap\\connection.js:205:26)\n    at MessageStream.<anonymous> (E:\\e-commerce\\CompuService\\backend\\node_modules\\mongodb\\lib\\cmap\\connection.js:64:60)\n    at MessageStream.emit (node:events:514:28)\n    at processIncomingData (E:\\e-commerce\\CompuService\\backend\\node_modules\\mongodb\\lib\\cmap\\message_stream.js:117:16)\n    at MessageStream._write (E:\\e-commerce\\CompuService\\backend\\node_modules\\mongodb\\lib\\cmap\\message_stream.js:33:9)\n    at writeOrBuffer (node:internal/streams/writable:556:12)\n    at _write (node:internal/streams/writable:490:10)\n    at Writable.write (node:internal/streams/writable:494:10)\n    at TLSSocket.ondata (node:internal/streams/readable:985:22)\n    at TLSSocket.emit (node:events:514:28) "}
{"level":"info","message":"process.env.NODE_ENV is development"}
{"level":"info","message":"Server is running on http://localhost:8000"}
{"level":"error","message":"Database Error : MongoServerError: bad auth : Authentication failed."}
{"level":"info","message":"process.env.NODE_ENV is development"}
{"level":"info","message":"Server is running on http://localhost:8000"}
{"level":"error","message":"Unhandled Rejection Errors: MongoServerError \n bad auth : Authentication failed. \n MongoServerError: bad auth : Authentication failed.\n    at Connection.onMessage (E:\\e-commerce\\CompuService\\backend\\node_modules\\mongodb\\lib\\cmap\\connection.js:205:26)\n    at MessageStream.<anonymous> (E:\\e-commerce\\CompuService\\backend\\node_modules\\mongodb\\lib\\cmap\\connection.js:64:60)\n    at MessageStream.emit (node:events:514:28)\n    at processIncomingData (E:\\e-commerce\\CompuService\\backend\\node_modules\\mongodb\\lib\\cmap\\message_stream.js:117:16)\n    at MessageStream._write (E:\\e-commerce\\CompuService\\backend\\node_modules\\mongodb\\lib\\cmap\\message_stream.js:33:9)\n    at writeOrBuffer (node:internal/streams/writable:556:12)\n    at _write (node:internal/streams/writable:490:10)\n    at Writable.write (node:internal/streams/writable:494:10)\n    at TLSSocket.ondata (node:internal/streams/readable:985:22)\n    at TLSSocket.emit (node:events:514:28) "}
{"level":"info","message":"process.env.NODE_ENV is development"}
{"level":"info","message":"Server is running on http://localhost:8000"}
{"level":"error","message":"Unhandled Rejection Errors: MongoServerError \n bad auth : Authentication failed. \n MongoServerError: bad auth : Authentication failed.\n    at Connection.onMessage (E:\\e-commerce\\CompuService\\backend\\node_modules\\mongodb\\lib\\cmap\\connection.js:205:26)\n    at MessageStream.<anonymous> (E:\\e-commerce\\CompuService\\backend\\node_modules\\mongodb\\lib\\cmap\\connection.js:64:60)\n    at MessageStream.emit (node:events:514:28)\n    at processIncomingData (E:\\e-commerce\\CompuService\\backend\\node_modules\\mongodb\\lib\\cmap\\message_stream.js:117:16)\n    at MessageStream._write (E:\\e-commerce\\CompuService\\backend\\node_modules\\mongodb\\lib\\cmap\\message_stream.js:33:9)\n    at writeOrBuffer (node:internal/streams/writable:556:12)\n    at _write (node:internal/streams/writable:490:10)\n    at Writable.write (node:internal/streams/writable:494:10)\n    at TLSSocket.ondata (node:internal/streams/readable:985:22)\n    at TLSSocket.emit (node:events:514:28) "}
{"level":"info","message":"process.env.NODE_ENV is development"}
{"level":"info","message":"Server is running on http://localhost:8000"}
{"level":"info","message":"Database connected : ac-hsyyfe0-shard-00-02.wmopddj.mongodb.net"}
{"level":"info","message":"process.env.NODE_ENV is development"}
{"level":"info","message":"Server is running on http://localhost:8000"}
{"level":"info","message":"Database connected : ac-hsyyfe0-shard-00-02.wmopddj.mongodb.net"}
{"level":"info","message":"process.env.NODE_ENV is development"}
{"level":"info","message":"Server is running on http://localhost:8000"}
{"level":"info","message":"Database connected : ac-hsyyfe0-shard-00-00.wmopddj.mongodb.net"}
{"level":"info","message":"process.env.NODE_ENV is development"}
{"level":"info","message":"Server is running on http://localhost:8000"}
{"level":"info","message":"Database connected : ac-hsyyfe0-shard-00-01.wmopddj.mongodb.net"}
{"level":"info","message":"process.env.NODE_ENV is development"}
{"level":"info","message":"Server is running on http://localhost:8000"}
{"level":"info","message":"Database connected : ac-hsyyfe0-shard-00-02.wmopddj.mongodb.net"}
{"level":"info","message":"process.env.NODE_ENV is development"}
{"level":"info","message":"Server is running on http://localhost:8000"}
{"level":"info","message":"Database connected : ac-hsyyfe0-shard-00-00.wmopddj.mongodb.net"}
{"level":"info","message":"process.env.NODE_ENV is development"}
{"level":"info","message":"Server is running on http://localhost:8000"}
{"level":"info","message":"Database connected : ac-hsyyfe0-shard-00-00.wmopddj.mongodb.net"}
{"level":"info","message":"process.env.NODE_ENV is development"}
{"level":"info","message":"Server is running on http://localhost:8000"}
{"level":"info","message":"Database connected : ac-hsyyfe0-shard-00-01.wmopddj.mongodb.net"}
{"level":"info","message":"process.env.NODE_ENV is development"}
{"level":"info","message":"Server is running on http://localhost:8000"}
{"level":"info","message":"Database connected : ac-hsyyfe0-shard-00-02.wmopddj.mongodb.net"}
{"level":"info","message":"process.env.NODE_ENV is development"}
{"level":"info","message":"Server is running on http://localhost:8000"}
{"level":"info","message":"Database connected : ac-hsyyfe0-shard-00-01.wmopddj.mongodb.net"}
{"level":"info","message":"process.env.NODE_ENV is development"}
{"level":"info","message":"Server is running on http://localhost:8000"}
{"level":"info","message":"Database connected : ac-hsyyfe0-shard-00-00.wmopddj.mongodb.net"}
{"level":"info","message":"process.env.NODE_ENV is development"}
{"level":"info","message":"Server is running on http://localhost:8000"}
{"level":"info","message":"Database connected : ac-hsyyfe0-shard-00-01.wmopddj.mongodb.net"}
{"level":"info","message":"process.env.NODE_ENV is development"}
{"level":"info","message":"Server is running on http://localhost:8000"}
{"level":"info","message":"Database connected : ac-hsyyfe0-shard-00-02.wmopddj.mongodb.net"}
{"level":"info","message":"process.env.NODE_ENV is development"}
{"level":"info","message":"Server is running on http://localhost:8000"}
{"level":"info","message":"Database connected : ac-hsyyfe0-shard-00-00.wmopddj.mongodb.net"}
{"level":"info","message":"process.env.NODE_ENV is development"}
{"level":"info","message":"Server is running on http://localhost:8000"}
{"level":"info","message":"Database connected : ac-hsyyfe0-shard-00-01.wmopddj.mongodb.net"}
{"level":"info","message":"process.env.NODE_ENV is development"}
{"level":"info","message":"Server is running on http://localhost:8000"}
{"level":"info","message":"Database connected : ac-hsyyfe0-shard-00-02.wmopddj.mongodb.net"}
{"level":"info","message":"process.env.NODE_ENV is development"}
{"level":"info","message":"Server is running on http://localhost:8000"}
{"level":"error","message":"Unhandled Rejection Errors: MongoServerError \n bad auth : Authentication failed. \n MongoServerError: bad auth : Authentication failed.\n    at Connection.onMessage (E:\\e-commerce\\CompuService\\backend\\node_modules\\mongodb\\lib\\cmap\\connection.js:205:26)\n    at MessageStream.<anonymous> (E:\\e-commerce\\CompuService\\backend\\node_modules\\mongodb\\lib\\cmap\\connection.js:64:60)\n    at MessageStream.emit (node:events:514:28)\n    at processIncomingData (E:\\e-commerce\\CompuService\\backend\\node_modules\\mongodb\\lib\\cmap\\message_stream.js:117:16)\n    at MessageStream._write (E:\\e-commerce\\CompuService\\backend\\node_modules\\mongodb\\lib\\cmap\\message_stream.js:33:9)\n    at writeOrBuffer (node:internal/streams/writable:556:12)\n    at _write (node:internal/streams/writable:490:10)\n    at Writable.write (node:internal/streams/writable:494:10)\n    at TLSSocket.ondata (node:internal/streams/readable:985:22)\n    at TLSSocket.emit (node:events:514:28) "}
{"level":"info","message":"process.env.NODE_ENV is development"}
{"level":"info","message":"Server is running on http://localhost:8000"}
{"level":"info","message":"Database connected : ac-hsyyfe0-shard-00-00.wmopddj.mongodb.net"}
{"level":"info","message":"process.env.NODE_ENV is development"}
{"level":"info","message":"Server is running on http://localhost:8000"}
{"level":"info","message":"Database connected : ac-hsyyfe0-shard-00-01.wmopddj.mongodb.net"}
{"date":"Wed Feb 28 2024 08:03:45 GMT+0200 (توقيت شرق أوروبا الرسمي)","error":{},"exception":true,"level":"error","message":"uncaughtException: errorHandler is not defined\nReferenceError: errorHandler is not defined\n    at Object.<anonymous> (E:\\e-commerce\\CompuService\\backend\\server.js:23:15)\n    at Module._compile (node:internal/modules/cjs/loader:1376:14)\n    at Module._extensions..js (node:internal/modules/cjs/loader:1435:10)\n    at Module.load (node:internal/modules/cjs/loader:1207:32)\n    at Module._load (node:internal/modules/cjs/loader:1023:12)\n    at Function.executeUserEntryPoint [as runMain] (node:internal/modules/run_main:135:12)\n    at node:internal/main/run_main_module:28:49","os":{"loadavg":[0,0,0],"uptime":610105.156},"process":{"argv":["C:\\Program Files\\nodejs\\node.exe","E:\\e-commerce\\CompuService\\backend\\server.js"],"cwd":"E:\\e-commerce\\CompuService\\backend","execPath":"C:\\Program Files\\nodejs\\node.exe","gid":null,"memoryUsage":{"arrayBuffers":18263021,"external":20623390,"heapTotal":35061760,"heapUsed":25147952,"rss":65253376},"pid":12376,"uid":null,"version":"v20.10.0"},"stack":"ReferenceError: errorHandler is not defined\n    at Object.<anonymous> (E:\\e-commerce\\CompuService\\backend\\server.js:23:15)\n    at Module._compile (node:internal/modules/cjs/loader:1376:14)\n    at Module._extensions..js (node:internal/modules/cjs/loader:1435:10)\n    at Module.load (node:internal/modules/cjs/loader:1207:32)\n    at Module._load (node:internal/modules/cjs/loader:1023:12)\n    at Function.executeUserEntryPoint [as runMain] (node:internal/modules/run_main:135:12)\n    at node:internal/main/run_main_module:28:49","trace":[{"column":15,"file":"E:\\e-commerce\\CompuService\\backend\\server.js","function":null,"line":23,"method":null,"native":false},{"column":14,"file":"node:internal/modules/cjs/loader","function":"Module._compile","line":1376,"method":"_compile","native":false},{"column":10,"file":"node:internal/modules/cjs/loader","function":"Module._extensions..js","line":1435,"method":".js","native":false},{"column":32,"file":"node:internal/modules/cjs/loader","function":"Module.load","line":1207,"method":"load","native":false},{"column":12,"file":"node:internal/modules/cjs/loader","function":"Module._load","line":1023,"method":"_load","native":false},{"column":12,"file":"node:internal/modules/run_main","function":"Function.executeUserEntryPoint [as runMain]","line":135,"method":"executeUserEntryPoint [as runMain]","native":false},{"column":49,"file":"node:internal/main/run_main_module","function":null,"line":28,"method":null,"native":false}]}
{"level":"info","message":"process.env.NODE_ENV is development"}
{"level":"info","message":"Database connected : ac-hsyyfe0-shard-00-02.wmopddj.mongodb.net"}
{"date":"Wed Feb 28 2024 08:03:59 GMT+0200 (توقيت شرق أوروبا الرسمي)","error":{},"exception":true,"level":"error","message":"uncaughtException: errorHandler is not defined\nReferenceError: errorHandler is not defined\n    at Object.<anonymous> (E:\\e-commerce\\CompuService\\backend\\server.js:23:15)\n    at Module._compile (node:internal/modules/cjs/loader:1376:14)\n    at Module._extensions..js (node:internal/modules/cjs/loader:1435:10)\n    at Module.load (node:internal/modules/cjs/loader:1207:32)\n    at Module._load (node:internal/modules/cjs/loader:1023:12)\n    at Function.executeUserEntryPoint [as runMain] (node:internal/modules/run_main:135:12)\n    at node:internal/main/run_main_module:28:49","os":{"loadavg":[0,0,0],"uptime":610118.546},"process":{"argv":["C:\\Program Files\\nodejs\\node.exe","E:\\e-commerce\\CompuService\\backend\\server.js"],"cwd":"E:\\e-commerce\\CompuService\\backend","execPath":"C:\\Program Files\\nodejs\\node.exe","gid":null,"memoryUsage":{"arrayBuffers":18263021,"external":20623390,"heapTotal":34799616,"heapUsed":24969936,"rss":65392640},"pid":9320,"uid":null,"version":"v20.10.0"},"stack":"ReferenceError: errorHandler is not defined\n    at Object.<anonymous> (E:\\e-commerce\\CompuService\\backend\\server.js:23:15)\n    at Module._compile (node:internal/modules/cjs/loader:1376:14)\n    at Module._extensions..js (node:internal/modules/cjs/loader:1435:10)\n    at Module.load (node:internal/modules/cjs/loader:1207:32)\n    at Module._load (node:internal/modules/cjs/loader:1023:12)\n    at Function.executeUserEntryPoint [as runMain] (node:internal/modules/run_main:135:12)\n    at node:internal/main/run_main_module:28:49","trace":[{"column":15,"file":"E:\\e-commerce\\CompuService\\backend\\server.js","function":null,"line":23,"method":null,"native":false},{"column":14,"file":"node:internal/modules/cjs/loader","function":"Module._compile","line":1376,"method":"_compile","native":false},{"column":10,"file":"node:internal/modules/cjs/loader","function":"Module._extensions..js","line":1435,"method":".js","native":false},{"column":32,"file":"node:internal/modules/cjs/loader","function":"Module.load","line":1207,"method":"load","native":false},{"column":12,"file":"node:internal/modules/cjs/loader","function":"Module._load","line":1023,"method":"_load","native":false},{"column":12,"file":"node:internal/modules/run_main","function":"Function.executeUserEntryPoint [as runMain]","line":135,"method":"executeUserEntryPoint [as runMain]","native":false},{"column":49,"file":"node:internal/main/run_main_module","function":null,"line":28,"method":null,"native":false}]}
{"level":"info","message":"process.env.NODE_ENV is development"}
{"level":"info","message":"Database connected : ac-hsyyfe0-shard-00-00.wmopddj.mongodb.net"}
{"level":"info","message":"process.env.NODE_ENV is development"}
{"level":"info","message":"Server is running on http://localhost:8000"}
{"level":"info","message":"Database connected : ac-hsyyfe0-shard-00-01.wmopddj.mongodb.net"}
{"level":"info","message":"process.env.NODE_ENV is development"}
{"level":"info","message":"Server is running on http://localhost:8000"}
{"level":"info","message":"Database connected : ac-hsyyfe0-shard-00-00.wmopddj.mongodb.net"}
{"level":"info","message":"process.env.NODE_ENV is development"}
{"level":"info","message":"Server is running on http://localhost:8000"}
{"level":"info","message":"Database connected : ac-hsyyfe0-shard-00-00.wmopddj.mongodb.net"}
{"level":"info","message":"process.env.NODE_ENV is development"}
{"level":"info","message":"Server is running on http://localhost:8000"}
{"level":"info","message":"Database connected : ac-hsyyfe0-shard-00-00.wmopddj.mongodb.net"}
{"level":"info","message":"process.env.NODE_ENV is development"}
{"level":"info","message":"Server is running on http://localhost:8000"}
{"level":"info","message":"Database connected : ac-hsyyfe0-shard-00-00.wmopddj.mongodb.net"}
{"level":"info","message":"process.env.NODE_ENV is development"}
{"level":"info","message":"Server is running on http://localhost:8000"}
{"level":"info","message":"Database connected : ac-hsyyfe0-shard-00-00.wmopddj.mongodb.net"}
{"level":"info","message":"process.env.NODE_ENV is development"}
{"level":"info","message":"Server is running on http://localhost:8000"}
{"level":"info","message":"Database connected : ac-hsyyfe0-shard-00-00.wmopddj.mongodb.net"}
{"level":"info","message":"process.env.NODE_ENV is development"}
{"level":"info","message":"Server is running on http://localhost:8000"}
{"level":"info","message":"Database connected : ac-hsyyfe0-shard-00-00.wmopddj.mongodb.net"}
{"level":"info","message":"process.env.NODE_ENV is development"}
{"level":"info","message":"Server is running on http://localhost:8000"}
{"level":"info","message":"Database connected : ac-hsyyfe0-shard-00-00.wmopddj.mongodb.net"}
{"level":"info","message":"process.env.NODE_ENV is development"}
{"level":"info","message":"Server is running on http://localhost:8000"}
{"level":"info","message":"Database connected : ac-hsyyfe0-shard-00-00.wmopddj.mongodb.net"}
{"level":"info","message":"process.env.NODE_ENV is development"}
{"level":"info","message":"Server is running on http://localhost:8000"}
{"level":"info","message":"Database connected : ac-hsyyfe0-shard-00-00.wmopddj.mongodb.net"}
{"level":"info","message":"process.env.NODE_ENV is development"}
{"level":"info","message":"Server is running on http://localhost:8000"}
{"level":"info","message":"Database connected : ac-hsyyfe0-shard-00-00.wmopddj.mongodb.net"}
{"level":"info","message":"process.env.NODE_ENV is development"}
{"level":"info","message":"Server is running on http://localhost:8000"}
{"level":"info","message":"Database connected : ac-hsyyfe0-shard-00-00.wmopddj.mongodb.net"}
{"level":"info","message":"process.env.NODE_ENV is development"}
{"level":"info","message":"Server is running on http://localhost:8000"}
{"level":"info","message":"Database connected : ac-hsyyfe0-shard-00-00.wmopddj.mongodb.net"}
{"level":"info","message":"process.env.NODE_ENV is development"}
{"level":"info","message":"Server is running on http://localhost:8000"}
{"level":"info","message":"Database connected : ac-hsyyfe0-shard-00-00.wmopddj.mongodb.net"}
{"level":"info","message":"process.env.NODE_ENV is development"}
{"level":"info","message":"Server is running on http://localhost:8000"}
{"level":"info","message":"Database connected : ac-hsyyfe0-shard-00-00.wmopddj.mongodb.net"}
{"level":"info","message":"process.env.NODE_ENV is development"}
{"level":"info","message":"Server is running on http://localhost:8000"}
{"level":"info","message":"process.env.NODE_ENV is development"}
{"level":"info","message":"Server is running on http://localhost:8000"}
{"level":"info","message":"Database connected : ac-hsyyfe0-shard-00-02.wmopddj.mongodb.net"}
{"level":"info","message":"process.env.NODE_ENV is development"}
{"level":"info","message":"Server is running on http://localhost:8000"}
{"level":"info","message":"Database connected : ac-hsyyfe0-shard-00-00.wmopddj.mongodb.net"}
{"level":"info","message":"process.env.NODE_ENV is development"}
{"level":"info","message":"Server is running on http://localhost:8000"}
{"level":"info","message":"Database connected : ac-hsyyfe0-shard-00-00.wmopddj.mongodb.net"}
{"level":"info","message":"process.env.NODE_ENV is development"}
{"level":"info","message":"Server is running on http://localhost:8000"}
{"level":"info","message":"Database connected : ac-hsyyfe0-shard-00-00.wmopddj.mongodb.net"}
{"level":"info","message":"process.env.NODE_ENV is development"}
{"level":"info","message":"Server is running on http://localhost:8000"}
{"level":"info","message":"Database connected : ac-hsyyfe0-shard-00-00.wmopddj.mongodb.net"}
{"level":"info","message":"process.env.NODE_ENV is development"}
{"level":"info","message":"Server is running on http://localhost:8000"}
{"level":"info","message":"Database connected : ac-hsyyfe0-shard-00-00.wmopddj.mongodb.net"}
{"level":"info","message":"process.env.NODE_ENV is development"}
{"level":"info","message":"Server is running on http://localhost:8000"}
{"level":"info","message":"Database connected : ac-hsyyfe0-shard-00-00.wmopddj.mongodb.net"}
{"level":"info","message":"process.env.NODE_ENV is development"}
{"level":"info","message":"Server is running on http://localhost:8000"}
{"level":"info","message":"Database connected : ac-hsyyfe0-shard-00-00.wmopddj.mongodb.net"}
{"level":"info","message":"process.env.NODE_ENV is development"}
{"level":"info","message":"Server is running on http://localhost:8000"}
{"level":"info","message":"Database connected : ac-hsyyfe0-shard-00-00.wmopddj.mongodb.net"}
{"level":"info","message":"process.env.NODE_ENV is development"}
{"level":"info","message":"Server is running on http://localhost:8000"}
{"level":"info","message":"Database connected : ac-hsyyfe0-shard-00-00.wmopddj.mongodb.net"}
{"level":"info","message":"process.env.NODE_ENV is development"}
{"level":"info","message":"Server is running on http://localhost:8000"}
{"level":"info","message":"Database connected : ac-hsyyfe0-shard-00-00.wmopddj.mongodb.net"}
{"level":"info","message":"process.env.NODE_ENV is development"}
{"level":"info","message":"Server is running on http://localhost:8000"}
{"level":"info","message":"Database connected : ac-hsyyfe0-shard-00-00.wmopddj.mongodb.net"}
{"level":"info","message":"process.env.NODE_ENV is development"}
{"level":"info","message":"Server is running on http://localhost:8000"}
{"level":"info","message":"Database connected : ac-hsyyfe0-shard-00-00.wmopddj.mongodb.net"}
{"level":"info","message":"process.env.NODE_ENV is development"}
{"level":"info","message":"Server is running on http://localhost:8000"}
{"level":"info","message":"Database connected : ac-hsyyfe0-shard-00-00.wmopddj.mongodb.net"}
{"level":"info","message":"process.env.NODE_ENV is development"}
{"level":"info","message":"Server is running on http://localhost:8000"}
{"level":"info","message":"Database connected : ac-hsyyfe0-shard-00-00.wmopddj.mongodb.net"}
{"level":"info","message":"process.env.NODE_ENV is development"}
{"level":"info","message":"Server is running on http://localhost:8000"}
{"level":"info","message":"Database connected : ac-hsyyfe0-shard-00-00.wmopddj.mongodb.net"}
{"level":"info","message":"process.env.NODE_ENV is development"}
{"level":"info","message":"Server is running on http://localhost:8000"}
{"level":"info","message":"Database connected : ac-hsyyfe0-shard-00-00.wmopddj.mongodb.net"}
{"level":"info","message":"process.env.NODE_ENV is development"}
{"level":"info","message":"Server is running on http://localhost:8000"}
{"level":"info","message":"Database connected : ac-hsyyfe0-shard-00-00.wmopddj.mongodb.net"}
{"level":"info","message":"process.env.NODE_ENV is development"}
{"level":"info","message":"Server is running on http://localhost:8000"}
{"level":"info","message":"Database connected : ac-hsyyfe0-shard-00-00.wmopddj.mongodb.net"}
{"level":"info","message":"process.env.NODE_ENV is development"}
{"level":"info","message":"Server is running on http://localhost:8000"}
{"level":"info","message":"Database connected : ac-hsyyfe0-shard-00-00.wmopddj.mongodb.net"}
{"level":"info","message":"process.env.NODE_ENV is development"}
{"level":"info","message":"Server is running on http://localhost:8000"}
{"level":"info","message":"process.env.NODE_ENV is development"}
{"level":"info","message":"Server is running on http://localhost:8000"}
{"level":"info","message":"Database connected : ac-hsyyfe0-shard-00-00.wmopddj.mongodb.net"}
{"level":"info","message":"process.env.NODE_ENV is development"}
{"level":"info","message":"Server is running on http://localhost:8000"}
{"level":"info","message":"Database connected : ac-hsyyfe0-shard-00-00.wmopddj.mongodb.net"}
{"level":"info","message":"process.env.NODE_ENV is development"}
{"level":"info","message":"Server is running on http://localhost:8000"}
{"level":"info","message":"Database connected : ac-hsyyfe0-shard-00-00.wmopddj.mongodb.net"}
{"level":"info","message":"process.env.NODE_ENV is development"}
{"level":"info","message":"Server is running on http://localhost:8000"}
{"level":"info","message":"Database connected : ac-hsyyfe0-shard-00-00.wmopddj.mongodb.net"}
{"level":"info","message":"process.env.NODE_ENV is development"}
{"level":"info","message":"Server is running on http://localhost:8000"}
{"level":"info","message":"Database connected : ac-hsyyfe0-shard-00-00.wmopddj.mongodb.net"}
{"level":"error","message":"Category with id 65db8114640f82ac1ea738a8 not found\nError: Category with id 65db8114640f82ac1ea738a8 not found\n    at G:\\e-commerce\\CompuService\\backend\\controllers\\category.service.js:35:14\n    at process.processTicksAndRejections (node:internal/process/task_queues:95:5)"}
{"level":"error","message":"res.statue is not a function\nTypeError: res.statue is not a function\n    at validatorMiddleware (G:\\e-commerce\\CompuService\\backend\\middleware\\validatorMiddleware.js:6:20)\n    at newFn (G:\\e-commerce\\CompuService\\backend\\node_modules\\express-async-errors\\index.js:16:20)\n    at Layer.handle [as handle_request] (G:\\e-commerce\\CompuService\\backend\\node_modules\\express\\lib\\router\\layer.js:95:5)\n    at next (G:\\e-commerce\\CompuService\\backend\\node_modules\\express\\lib\\router\\route.js:144:13)\n    at middleware (G:\\e-commerce\\CompuService\\backend\\node_modules\\express-validator\\src\\middlewares\\check.js:16:13)\n    at process.processTicksAndRejections (node:internal/process/task_queues:95:5)"}
{"level":"info","message":"process.env.NODE_ENV is development"}
{"level":"info","message":"Server is running on http://localhost:8000"}
{"level":"info","message":"Database connected : ac-hsyyfe0-shard-00-00.wmopddj.mongodb.net"}
{"level":"info","message":"process.env.NODE_ENV is development"}
{"level":"info","message":"Server is running on http://localhost:8000"}
{"level":"info","message":"Database connected : ac-hsyyfe0-shard-00-00.wmopddj.mongodb.net"}
{"level":"info","message":"process.env.NODE_ENV is development"}
{"level":"info","message":"Server is running on http://localhost:8000"}
{"level":"info","message":"Database connected : ac-hsyyfe0-shard-00-00.wmopddj.mongodb.net"}
{"level":"info","message":"process.env.NODE_ENV is development"}
{"level":"info","message":"Server is running on http://localhost:8000"}
{"level":"info","message":"Database connected : ac-hsyyfe0-shard-00-00.wmopddj.mongodb.net"}
{"level":"info","message":"process.env.NODE_ENV is development"}
{"level":"info","message":"Server is running on http://localhost:8000"}
{"level":"info","message":"Database connected : ac-hsyyfe0-shard-00-00.wmopddj.mongodb.net"}
{"level":"info","message":"process.env.NODE_ENV is development"}
{"level":"info","message":"Server is running on http://localhost:8000"}
{"level":"info","message":"Database connected : ac-hsyyfe0-shard-00-00.wmopddj.mongodb.net"}
{"level":"info","message":"process.env.NODE_ENV is development"}
{"level":"info","message":"Server is running on http://localhost:8000"}
{"level":"info","message":"Database connected : ac-hsyyfe0-shard-00-00.wmopddj.mongodb.net"}
{"level":"info","message":"process.env.NODE_ENV is development"}
{"level":"info","message":"Server is running on http://localhost:8000"}
{"level":"info","message":"Database connected : ac-hsyyfe0-shard-00-00.wmopddj.mongodb.net"}
{"level":"info","message":"process.env.NODE_ENV is development"}
{"level":"info","message":"Server is running on http://localhost:8000"}
{"level":"info","message":"Database connected : ac-hsyyfe0-shard-00-00.wmopddj.mongodb.net"}
{"level":"info","message":"process.env.NODE_ENV is development"}
{"level":"info","message":"Server is running on http://localhost:8000"}
{"level":"info","message":"Database connected : ac-hsyyfe0-shard-00-00.wmopddj.mongodb.net"}
{"level":"info","message":"process.env.NODE_ENV is development"}
{"level":"info","message":"Server is running on http://localhost:8000"}
{"level":"info","message":"Database connected : ac-hsyyfe0-shard-00-00.wmopddj.mongodb.net"}
{"level":"info","message":"process.env.NODE_ENV is development"}
{"level":"info","message":"Server is running on http://localhost:8000"}
{"level":"info","message":"Database connected : ac-hsyyfe0-shard-00-00.wmopddj.mongodb.net"}
{"level":"error","message":"Please enter valid input without any special characters or spaces or numbers or not less then three letters.\nError: Please enter valid input without any special characters or spaces or numbers or not less then three letters.\n    at G:\\e-commerce\\CompuService\\backend\\controllers\\category.service.js:56:13\n    at asyncUtilWrap (G:\\e-commerce\\CompuService\\backend\\node_modules\\express-async-handler\\index.js:3:20)\n    at newFn (G:\\e-commerce\\CompuService\\backend\\node_modules\\express-async-errors\\index.js:16:20)\n    at Layer.handle [as handle_request] (G:\\e-commerce\\CompuService\\backend\\node_modules\\express\\lib\\router\\layer.js:95:5)\n    at next (G:\\e-commerce\\CompuService\\backend\\node_modules\\express\\lib\\router\\route.js:144:13)\n    at validatorMiddleware (G:\\e-commerce\\CompuService\\backend\\middleware\\validatorMiddleware.js:8:5)\n    at newFn (G:\\e-commerce\\CompuService\\backend\\node_modules\\express-async-errors\\index.js:16:20)\n    at Layer.handle [as handle_request] (G:\\e-commerce\\CompuService\\backend\\node_modules\\express\\lib\\router\\layer.js:95:5)\n    at next (G:\\e-commerce\\CompuService\\backend\\node_modules\\express\\lib\\router\\route.js:144:13)\n    at middleware (G:\\e-commerce\\CompuService\\backend\\node_modules\\express-validator\\src\\middlewares\\check.js:16:13)"}
{"level":"error","message":"Please enter valid input without any special characters or spaces or numbers or not less then three letters.\nError: Please enter valid input without any special characters or spaces or numbers or not less then three letters.\n    at G:\\e-commerce\\CompuService\\backend\\controllers\\category.service.js:56:13\n    at asyncUtilWrap (G:\\e-commerce\\CompuService\\backend\\node_modules\\express-async-handler\\index.js:3:20)\n    at newFn (G:\\e-commerce\\CompuService\\backend\\node_modules\\express-async-errors\\index.js:16:20)\n    at Layer.handle [as handle_request] (G:\\e-commerce\\CompuService\\backend\\node_modules\\express\\lib\\router\\layer.js:95:5)\n    at next (G:\\e-commerce\\CompuService\\backend\\node_modules\\express\\lib\\router\\route.js:144:13)\n    at validatorMiddleware (G:\\e-commerce\\CompuService\\backend\\middleware\\validatorMiddleware.js:8:5)\n    at newFn (G:\\e-commerce\\CompuService\\backend\\node_modules\\express-async-errors\\index.js:16:20)\n    at Layer.handle [as handle_request] (G:\\e-commerce\\CompuService\\backend\\node_modules\\express\\lib\\router\\layer.js:95:5)\n    at next (G:\\e-commerce\\CompuService\\backend\\node_modules\\express\\lib\\router\\route.js:144:13)\n    at middleware (G:\\e-commerce\\CompuService\\backend\\node_modules\\express-validator\\src\\middlewares\\check.js:16:13)"}
{"level":"error","message":"Please enter valid input without any special characters or spaces or numbers or not less then three letters.\nError: Please enter valid input without any special characters or spaces or numbers or not less then three letters.\n    at G:\\e-commerce\\CompuService\\backend\\controllers\\category.service.js:56:13\n    at asyncUtilWrap (G:\\e-commerce\\CompuService\\backend\\node_modules\\express-async-handler\\index.js:3:20)\n    at newFn (G:\\e-commerce\\CompuService\\backend\\node_modules\\express-async-errors\\index.js:16:20)\n    at Layer.handle [as handle_request] (G:\\e-commerce\\CompuService\\backend\\node_modules\\express\\lib\\router\\layer.js:95:5)\n    at next (G:\\e-commerce\\CompuService\\backend\\node_modules\\express\\lib\\router\\route.js:144:13)\n    at validatorMiddleware (G:\\e-commerce\\CompuService\\backend\\middleware\\validatorMiddleware.js:8:5)\n    at newFn (G:\\e-commerce\\CompuService\\backend\\node_modules\\express-async-errors\\index.js:16:20)\n    at Layer.handle [as handle_request] (G:\\e-commerce\\CompuService\\backend\\node_modules\\express\\lib\\router\\layer.js:95:5)\n    at next (G:\\e-commerce\\CompuService\\backend\\node_modules\\express\\lib\\router\\route.js:144:13)\n    at middleware (G:\\e-commerce\\CompuService\\backend\\node_modules\\express-validator\\src\\middlewares\\check.js:16:13)"}
{"level":"info","message":"process.env.NODE_ENV is development"}
{"level":"info","message":"Server is running on http://localhost:8000"}
{"level":"info","message":"Database connected : ac-hsyyfe0-shard-00-00.wmopddj.mongodb.net"}
{"level":"info","message":"process.env.NODE_ENV is development"}
{"level":"info","message":"Server is running on http://localhost:8000"}
{"level":"info","message":"Database connected : ac-hsyyfe0-shard-00-00.wmopddj.mongodb.net"}
{"level":"info","message":"process.env.NODE_ENV is development"}
{"level":"info","message":"Server is running on http://localhost:8000"}
{"level":"info","message":"Database connected : ac-hsyyfe0-shard-00-00.wmopddj.mongodb.net"}
{"level":"info","message":"process.env.NODE_ENV is development"}
{"level":"info","message":"Server is running on http://localhost:8000"}
{"level":"info","message":"Database connected : ac-hsyyfe0-shard-00-00.wmopddj.mongodb.net"}
{"level":"info","message":"process.env.NODE_ENV is development"}
{"level":"info","message":"Server is running on http://localhost:8000"}
{"level":"info","message":"Database connected : ac-hsyyfe0-shard-00-00.wmopddj.mongodb.net"}
{"level":"info","message":"process.env.NODE_ENV is development"}
{"level":"info","message":"Server is running on http://localhost:8000"}
{"level":"info","message":"Database connected : ac-hsyyfe0-shard-00-00.wmopddj.mongodb.net"}
{"level":"info","message":"process.env.NODE_ENV is development"}
{"level":"info","message":"Server is running on http://localhost:8000"}
{"level":"info","message":"Database connected : ac-hsyyfe0-shard-00-00.wmopddj.mongodb.net"}
